<?xml version="1.0" encoding="UTF-8"?>
<testsuite name="com.example.forumapplication.controllers.UserControllerTests" tests="10" skipped="0" failures="0" errors="0" timestamp="2024-08-19T10:57:44" hostname="AlexanderMacbooks-MacBook-Air.local" time="0.012">
  <properties/>
  <testcase name="testDeleteNotFound()" classname="com.example.forumapplication.controllers.UserControllerTests" time="0.002"/>
  <testcase name="testCreateDuplicateUser()" classname="com.example.forumapplication.controllers.UserControllerTests" time="0.001"/>
  <testcase name="testUpdatePhoto()" classname="com.example.forumapplication.controllers.UserControllerTests" time="0.0"/>
  <testcase name="testFindAll()" classname="com.example.forumapplication.controllers.UserControllerTests" time="0.002"/>
  <testcase name="testUpdatePhotoNotFound()" classname="com.example.forumapplication.controllers.UserControllerTests" time="0.001"/>
  <testcase name="testFindById()" classname="com.example.forumapplication.controllers.UserControllerTests" time="0.0"/>
  <testcase name="testUpdateNotFound()" classname="com.example.forumapplication.controllers.UserControllerTests" time="0.001"/>
  <testcase name="testCreate()" classname="com.example.forumapplication.controllers.UserControllerTests" time="0.0"/>
  <testcase name="testDelete()" classname="com.example.forumapplication.controllers.UserControllerTests" time="0.001"/>
  <testcase name="testUpdate()" classname="com.example.forumapplication.controllers.UserControllerTests" time="0.001"/>
  <system-out><![CDATA[]]></system-out>
  <system-err><![CDATA[]]></system-err>
</testsuite>
