<?xml version="1.0" encoding="UTF-8"?>
<testsuite name="com.example.forumapplication.services.UserServiceImplTests" tests="23" skipped="0" failures="0" errors="0" timestamp="2024-07-31T07:42:11" hostname="DESKTOP-JAFIPNM" time="0.272">
  <properties/>
  <testcase name="findUserById_ThrowsEntityNotFoundException_WhenUserDoesNotExist()" classname="com.example.forumapplication.services.UserServiceImplTests" time="0.094"/>
  <testcase name="updateUser_ThrowsUnauthorizedException_WhenUserIsNotAuthorized()" classname="com.example.forumapplication.services.UserServiceImplTests" time="0.003"/>
  <testcase name="createUser_EncodesPasswordAndSetsRole()" classname="com.example.forumapplication.services.UserServiceImplTests" time="0.002"/>
  <testcase name="findUserByUsername_ThrowsEntityNotFoundException_WhenUserDoesNotExist()" classname="com.example.forumapplication.services.UserServiceImplTests" time="0.002"/>
  <testcase name="updateUser_UpdatesUser_WhenUserIsAuthorized()" classname="com.example.forumapplication.services.UserServiceImplTests" time="0.003"/>
  <testcase name="deleteUser_ThrowsEntityNotFoundException_WhenUserDoesNotExist()" classname="com.example.forumapplication.services.UserServiceImplTests" time="0.002"/>
  <testcase name="createUserWithRole_ThrowsEntityNotFoundException_WhenRoleDoesNotExist()" classname="com.example.forumapplication.services.UserServiceImplTests" time="0.002"/>
  <testcase name="authenticateUser_ReturnsTrue_WhenPasswordMatches()" classname="com.example.forumapplication.services.UserServiceImplTests" time="0.003"/>
  <testcase name="uploadPhoto_UpdatesUserPhoto_WhenUserIsAuthorized()" classname="com.example.forumapplication.services.UserServiceImplTests" time="0.003"/>
  <testcase name="createUserWithRole_ThrowsUnauthorizedException_WhenUserIsNotAdmin()" classname="com.example.forumapplication.services.UserServiceImplTests" time="0.003"/>
  <testcase name="deleteUser_DeletesUser_WhenUserIsAdmin()" classname="com.example.forumapplication.services.UserServiceImplTests" time="0.003"/>
  <testcase name="uploadPhoto_ThrowsUnauthorizedException_WhenUserIsNotAuthorized()" classname="com.example.forumapplication.services.UserServiceImplTests" time="0.004"/>
  <testcase name="unblockUser_ThrowsUnauthorizedException_WhenUserIsNotBlocked()" classname="com.example.forumapplication.services.UserServiceImplTests" time="0.002"/>
  <testcase name="blockUser_BlocksUser()" classname="com.example.forumapplication.services.UserServiceImplTests" time="0.003"/>
  <testcase name="findAll_ReturnsPageOfUsers()" classname="com.example.forumapplication.services.UserServiceImplTests" time="0.101"/>
  <testcase name="findUserByEmail_ReturnsUser_WhenUserExists()" classname="com.example.forumapplication.services.UserServiceImplTests" time="0.004"/>
  <testcase name="authenticateUser_ReturnsFalse_WhenPasswordDoesNotMatch()" classname="com.example.forumapplication.services.UserServiceImplTests" time="0.003"/>
  <testcase name="deleteUser_ThrowsUnauthorizedException_WhenUserIsNotAuthorized()" classname="com.example.forumapplication.services.UserServiceImplTests" time="0.003"/>
  <testcase name="findUserByUsername_ReturnsUser_WhenUserExists()" classname="com.example.forumapplication.services.UserServiceImplTests" time="0.003"/>
  <testcase name="findUserByEmail_ThrowsEntityNotFoundException_WhenUserDoesNotExist()" classname="com.example.forumapplication.services.UserServiceImplTests" time="0.004"/>
  <testcase name="findUserById_ReturnsUser_WhenUserExists()" classname="com.example.forumapplication.services.UserServiceImplTests" time="0.003"/>
  <testcase name="unblockUser_UnblocksUser()" classname="com.example.forumapplication.services.UserServiceImplTests" time="0.004"/>
  <testcase name="createUserWithRole_CreatesUser_WhenUserIsAdmin()" classname="com.example.forumapplication.services.UserServiceImplTests" time="0.003"/>
  <system-out><![CDATA[]]></system-out>
  <system-err><![CDATA[]]></system-err>
</testsuite>
