<?xml version="1.0" encoding="UTF-8"?>
<testsuite name="com.example.forumapplication.ForumApplicationTests" tests="1" skipped="0" failures="0" errors="0" timestamp="2024-07-31T07:42:11" hostname="DESKTOP-JAFIPNM" time="0.009">
  <properties/>
  <testcase name="contextLoads()" classname="com.example.forumapplication.ForumApplicationTests" time="0.009"/>
  <system-out><![CDATA[10:42:06.772 [Test worker] INFO org.springframework.test.context.support.AnnotationConfigContextLoaderUtils -- Could not detect default configuration classes for test class [com.example.forumapplication.ForumApplicationTests]: ForumApplicationTests does not declare any static, non-private, non-final, nested classes annotated with @Configuration.
10:42:06.839 [Test worker] INFO org.springframework.boot.test.context.SpringBootTestContextBootstrapper -- Found @SpringBootConfiguration com.example.forumapplication.ForumApplication for test class com.example.forumapplication.ForumApplicationTests

  .   ____          _            __ _ _
 /\\ / ___'_ __ _ _(_)_ __  __ _ \ \ \ \
( ( )\___ | '_ | '_| | '_ \/ _` | \ \ \ \
 \\/  ___)| |_)| | | | | || (_| |  ) ) ) )
  '  |____| .__|_| |_|_| |_\__, | / / / /
 =========|_|==============|___/=/_/_/_/

 :: Spring Boot ::                (v3.3.2)

2024-07-31T10:42:07.059+03:00  INFO 12396 --- [forum-application] [    Test worker] c.e.f.ForumApplicationTests              : Starting ForumApplicationTests using Java 17.0.5 with PID 12396 (started by Temp in D:\Telerik\Web-Project\forum-aplication\forum-application)
2024-07-31T10:42:07.061+03:00  INFO 12396 --- [forum-application] [    Test worker] c.e.f.ForumApplicationTests              : No active profile set, falling back to 1 default profile: "default"
2024-07-31T10:42:07.580+03:00  INFO 12396 --- [forum-application] [    Test worker] .s.d.r.c.RepositoryConfigurationDelegate : Bootstrapping Spring Data JPA repositories in DEFAULT mode.
2024-07-31T10:42:07.614+03:00  INFO 12396 --- [forum-application] [    Test worker] .s.d.r.c.RepositoryConfigurationDelegate : Finished Spring Data repository scanning in 29 ms. Found 4 JPA repository interfaces.
2024-07-31T10:42:07.991+03:00  INFO 12396 --- [forum-application] [    Test worker] o.hibernate.jpa.internal.util.LogHelper  : HHH000204: Processing PersistenceUnitInfo [name: default]
2024-07-31T10:42:08.042+03:00  INFO 12396 --- [forum-application] [    Test worker] org.hibernate.Version                    : HHH000412: Hibernate ORM core version 6.5.2.Final
2024-07-31T10:42:08.075+03:00  INFO 12396 --- [forum-application] [    Test worker] o.h.c.internal.RegionFactoryInitiator    : HHH000026: Second-level cache disabled
2024-07-31T10:42:08.155+03:00  INFO 12396 --- [forum-application] [    Test worker] o.s.o.j.p.SpringPersistenceUnitInfo      : No LoadTimeWeaver setup: ignoring JPA class transformer
2024-07-31T10:42:08.169+03:00  INFO 12396 --- [forum-application] [    Test worker] com.zaxxer.hikari.HikariDataSource       : HikariPool-1 - Starting...
2024-07-31T10:42:08.584+03:00  INFO 12396 --- [forum-application] [    Test worker] com.zaxxer.hikari.pool.HikariPool        : HikariPool-1 - Added connection org.mariadb.jdbc.Connection@50caeb4b
2024-07-31T10:42:08.585+03:00  INFO 12396 --- [forum-application] [    Test worker] com.zaxxer.hikari.HikariDataSource       : HikariPool-1 - Start completed.
2024-07-31T10:42:08.656+03:00  WARN 12396 --- [forum-application] [    Test worker] org.hibernate.orm.deprecation            : HHH90000025: MariaDBDialect does not need to be specified explicitly using 'hibernate.dialect' (remove the property setting and it will be selected by default)
2024-07-31T10:42:09.184+03:00  INFO 12396 --- [forum-application] [    Test worker] o.h.e.t.j.p.i.JtaPlatformInitiator       : HHH000489: No JTA platform available (set 'hibernate.transaction.jta.platform' to enable JTA platform integration)
2024-07-31T10:42:10.743+03:00  INFO 12396 --- [forum-application] [    Test worker] j.LocalContainerEntityManagerFactoryBean : Initialized JPA EntityManagerFactory for persistence unit 'default'
2024-07-31T10:42:11.117+03:00  WARN 12396 --- [forum-application] [    Test worker] JpaBaseConfiguration$JpaWebConfiguration : spring.jpa.open-in-view is enabled by default. Therefore, database queries may be performed during view rendering. Explicitly configure spring.jpa.open-in-view to disable this warning
2024-07-31T10:42:11.144+03:00  INFO 12396 --- [forum-application] [    Test worker] r$InitializeUserDetailsManagerConfigurer : Global AuthenticationManager configured with UserDetailsService bean with name forumSystemUserDetails
2024-07-31T10:42:11.219+03:00  INFO 12396 --- [forum-application] [    Test worker] o.s.b.a.w.s.WelcomePageHandlerMapping    : Adding welcome page template: index
2024-07-31T10:42:11.662+03:00  INFO 12396 --- [forum-application] [    Test worker] c.e.f.ForumApplicationTests              : Started ForumApplicationTests in 4.732 seconds (process running for 6.224)
]]></system-out>
  <system-err><![CDATA[]]></system-err>
</testsuite>
