<?xml version="1.0" encoding="UTF-8"?>
<testsuite name="com.example.forumapplication.services.CommentServiceImplTests" tests="7" skipped="0" failures="1" errors="0" timestamp="2024-07-31T07:42:05" hostname="DESKTOP-JAFIPNM" time="0.807">
  <properties/>
  <testcase name="addComment_AddsCommentToPost()" classname="com.example.forumapplication.services.CommentServiceImplTests" time="0.774"/>
  <testcase name="updateComment_UpdatesCommentContent()" classname="com.example.forumapplication.services.CommentServiceImplTests" time="0.005"/>
  <testcase name="getCommentById_ReturnsComment_WhenCommentExists()" classname="com.example.forumapplication.services.CommentServiceImplTests" time="0.003"/>
  <testcase name="deleteComment_ThrowsEntityNotFoundException_WhenCommentDoesNotExist()" classname="com.example.forumapplication.services.CommentServiceImplTests" time="0.004"/>
  <testcase name="addReply_AddsReplyToComment()" classname="com.example.forumapplication.services.CommentServiceImplTests" time="0.008">
    <failure message="java.lang.NullPointerException: Cannot invoke &quot;java.util.Set.add(Object)&quot; because the return value of &quot;com.example.forumapplication.models.Comment.getReplies()&quot; is null" type="java.lang.NullPointerException">java.lang.NullPointerException: Cannot invoke &quot;java.util.Set.add(Object)&quot; because the return value of &quot;com.example.forumapplication.models.Comment.getReplies()&quot; is null
	at com.example.forumapplication.services.CommentServiceImpl.addReply(CommentServiceImpl.java:72)
	at com.example.forumapplication.services.CommentServiceImplTests.addReply_AddsReplyToComment(CommentServiceImplTests.java:128)
	at java.base/java.lang.reflect.Method.invoke(Method.java:568)
	at java.base/java.util.ArrayList.forEach(ArrayList.java:1511)
	at java.base/java.util.ArrayList.forEach(ArrayList.java:1511)
</failure>
  </testcase>
  <testcase name="getCommentById_ThrowsEntityNotFoundException_WhenCommentDoesNotExist()" classname="com.example.forumapplication.services.CommentServiceImplTests" time="0.003"/>
  <testcase name="deleteComment_DeletesComment_WhenCommentExists()" classname="com.example.forumapplication.services.CommentServiceImplTests" time="0.002"/>
  <system-out><![CDATA[]]></system-out>
  <system-err><![CDATA[]]></system-err>
</testsuite>
