<?xml version="1.0" encoding="UTF-8"?>
<testsuite name="com.example.forumapplication.services.CommentServiceImplTests" tests="7" skipped="0" failures="1" errors="0" timestamp="2024-08-19T10:57:44" hostname="AlexanderMacbooks-MacBook-Air.local" time="0.058">
  <properties/>
  <testcase name="addComment_AddsCommentToPost()" classname="com.example.forumapplication.services.CommentServiceImplTests" time="0.04"/>
  <testcase name="updateComment_UpdatesCommentContent()" classname="com.example.forumapplication.services.CommentServiceImplTests" time="0.001"/>
  <testcase name="getCommentById_ReturnsComment_WhenCommentExists()" classname="com.example.forumapplication.services.CommentServiceImplTests" time="0.002"/>
  <testcase name="deleteComment_ThrowsEntityNotFoundException_WhenCommentDoesNotExist()" classname="com.example.forumapplication.services.CommentServiceImplTests" time="0.001"/>
  <testcase name="addReply_AddsReplyToComment()" classname="com.example.forumapplication.services.CommentServiceImplTests" time="0.009">
    <failure message="java.lang.NullPointerException: Cannot invoke &quot;java.util.Set.contains(Object)&quot; because the return value of &quot;com.example.forumapplication.models.Comment.getReplies()&quot; is null" type="java.lang.NullPointerException">java.lang.NullPointerException: Cannot invoke &quot;java.util.Set.contains(Object)&quot; because the return value of &quot;com.example.forumapplication.models.Comment.getReplies()&quot; is null
	at com.example.forumapplication.services.CommentServiceImplTests.addReply_AddsReplyToComment(CommentServiceImplTests.java:130)
	at java.base/java.lang.reflect.Method.invoke(Method.java:568)
	at java.base/java.util.ArrayList.forEach(ArrayList.java:1511)
	at java.base/java.util.ArrayList.forEach(ArrayList.java:1511)
</failure>
  </testcase>
  <testcase name="getCommentById_ThrowsEntityNotFoundException_WhenCommentDoesNotExist()" classname="com.example.forumapplication.services.CommentServiceImplTests" time="0.003"/>
  <testcase name="deleteComment_DeletesComment_WhenCommentExists()" classname="com.example.forumapplication.services.CommentServiceImplTests" time="0.0"/>
  <system-out><![CDATA[]]></system-out>
  <system-err><![CDATA[]]></system-err>
</testsuite>
