<?xml version="1.0" encoding="UTF-8"?>
<testsuite name="com.example.forumapplication.controllers.AdminControllerTests" tests="2" skipped="0" failures="0" errors="0" timestamp="2024-07-31T07:42:11" hostname="DESKTOP-JAFIPNM" time="0.112">
  <properties/>
  <testcase name="testCreateAdmin()" classname="com.example.forumapplication.controllers.AdminControllerTests" time="0.1"/>
  <testcase name="testCreateAdminWithNonAdminRole()" classname="com.example.forumapplication.controllers.AdminControllerTests" time="0.007"/>
  <system-out><![CDATA[]]></system-out>
  <system-err><![CDATA[]]></system-err>
</testsuite>
